2023-04-15 19:04:12,634{GMT}	INFO	[jepsen test runner] jepsen.core: Command line:
lein run test -w echo --bin target/debug/distributed-systems-chall --nodes n1 --time-limit 10 --log-stderr
2023-04-15 19:04:12,686{GMT}	INFO	[jepsen test runner] jepsen.core: Running test:
{:args []
 :remote
 #jepsen.control.retry.Remote{:remote #jepsen.control.scp.Remote{:cmd-remote #jepsen.control.sshj.SSHJRemote{:concurrency-limit 6,
                                                                                                             :conn-spec nil,
                                                                                                             :client nil,
                                                                                                             :semaphore nil},
                                                                 :conn-spec nil},
                              :conn nil}
 :log-net-send false
 :node-count nil
 :availability nil
 :max-txn-length 4
 :concurrency 1
 :db
 #object[maelstrom.db$db$reify__16142
         "0x68f67bbd"
         "maelstrom.db$db$reify__16142@68f67bbd"]
 :max-writes-per-key 16
 :leave-db-running? false
 :name "echo"
 :logging-json? false
 :start-time
 #object[org.joda.time.DateTime "0x4a03c4bc" "2023-04-15T19:04:12.612-03:00"]
 :nemesis-interval 10
 :net
 #object[maelstrom.net$jepsen_net$reify__15251
         "0x3d0c88f4"
         "maelstrom.net$jepsen_net$reify__15251@3d0c88f4"]
 :client
 #object[maelstrom.workload.echo$client$reify__16863
         "0x5aad4194"
         "maelstrom.workload.echo$client$reify__16863@5aad4194"]
 :barrier
 #object[java.util.concurrent.CyclicBarrier
         "0x50a1c2f3"
         "java.util.concurrent.CyclicBarrier@50a1c2f3"]
 :log-stderr true
 :pure-generators true
 :ssh {:dummy? true}
 :rate 5
 :checker
 #object[jepsen.checker$compose$reify__11881
         "0x453ca7f"
         "jepsen.checker$compose$reify__11881@453ca7f"]
 :argv
 ("test"
  "-w"
  "echo"
  "--bin"
  "target/debug/distributed-systems-chall"
  "--nodes"
  "n1"
  "--time-limit"
  "10"
  "--log-stderr")
 :nemesis
 (jepsen.nemesis.ReflCompose
  {:fm {:start-partition 0,
        :stop-partition 0,
        :kill 1,
        :start 1,
        :pause 1,
        :resume 1},
   :nemeses [#unprintable "jepsen.nemesis.combined$partition_nemesis$reify__16416@5d41b929"
             #unprintable "jepsen.nemesis.combined$db_nemesis$reify__16397@6dd0e2f4"]})
 :nodes ["n1"]
 :test-count 1
 :latency {:mean 0, :dist :constant}
 :bin "target/debug/distributed-systems-chall"
 :generator
 (jepsen.generator.TimeLimit
  {:limit 10000000000,
   :cutoff nil,
   :gen (jepsen.generator.Any
         {:gens [(jepsen.generator.OnThreads
                  {:f #{:nemesis},
                   :context-filter #object[jepsen.generator.context$make_thread_filter$lazy_filter__9167
                                           "0x4ce66169"
                                           "jepsen.generator.context$make_thread_filter$lazy_filter__9167@4ce66169"],
                   :gen nil})
                 (jepsen.generator.OnThreads
                  {:f #jepsen.generator.context.AllBut{:element :nemesis},
                   :context-filter #object[jepsen.generator.context$make_thread_filter$lazy_filter__9167
                                           "0x53d0cf4d"
                                           "jepsen.generator.context$make_thread_filter$lazy_filter__9167@53d0cf4d"],
                   :gen (jepsen.generator.Stagger
                         {:dt 400000000,
                          :next-time nil,
                          :gen (jepsen.generator.EachThread
                                {:fresh-gen #object[maelstrom.workload.echo$workload$fn__16882
                                                    "0x3c6c87fa"
                                                    "maelstrom.workload.echo$workload$fn__16882@3c6c87fa"],
                                 :context-filters #object[clojure.core$promise$reify__8591
                                                          "0xd7645b2"
                                                          {:status :pending,
                                                           :val nil}],
                                 :gens {}})})})]})})
 :log-net-recv false
 :os
 #object[maelstrom.net$jepsen_os$reify__15254
         "0x72e4905c"
         "maelstrom.net$jepsen_os$reify__15254@72e4905c"]
 :time-limit 10
 :workload :echo
 :consistency-models [:strict-serializable]
 :topology :grid}

2023-04-15 19:04:14,058{GMT}	INFO	[jepsen node n1] maelstrom.net: Starting Maelstrom network
2023-04-15 19:04:14,059{GMT}	INFO	[jepsen test runner] jepsen.db: Tearing down DB
2023-04-15 19:04:14,062{GMT}	INFO	[jepsen test runner] jepsen.db: Setting up DB
2023-04-15 19:04:14,064{GMT}	INFO	[jepsen node n1] maelstrom.service: Starting services: (lin-kv lin-tso lww-kv seq-kv)
2023-04-15 19:04:14,068{GMT}	INFO	[jepsen node n1] maelstrom.db: Setting up n1
2023-04-15 19:04:14,069{GMT}	INFO	[jepsen node n1] maelstrom.process: launching target/debug/distributed-systems-chall []
2023-04-15 19:04:14,088{GMT}	WARN	[n1 stdout] maelstrom.process: Error!
java.lang.UnsupportedOperationException: nth not supported on this type: Character
	at clojure.lang.RT.nthFrom(RT.java:992)
	at clojure.lang.RT.nth(RT.java:940)
	at maelstrom.process$keywordize_keys_1$fn__15850.invoke(process.clj:30)
	at clojure.core.protocols$fn__8247.invokeStatic(protocols.clj:153)
	at clojure.core.protocols$fn__8247.invoke(protocols.clj:124)
	at clojure.core.protocols$fn__8204$G__8199__8213.invoke(protocols.clj:19)
	at clojure.core.protocols$seq_reduce.invokeStatic(protocols.clj:31)
	at clojure.core.protocols$fn__8226.invokeStatic(protocols.clj:75)
	at clojure.core.protocols$fn__8226.invoke(protocols.clj:75)
	at clojure.core.protocols$fn__8178$G__8173__8191.invoke(protocols.clj:13)
	at clojure.core$reduce.invokeStatic(core.clj:6886)
	at clojure.core$reduce.invoke(core.clj:6868)
	at maelstrom.process$keywordize_keys_1.invokeStatic(process.clj:30)
	at maelstrom.process$keywordize_keys_1.invoke(process.clj:26)
	at maelstrom.process$parse_msg.invokeStatic(process.clj:54)
	at maelstrom.process$parse_msg.invoke(process.clj:35)
	at maelstrom.process$stdout_thread$fn__15878$fn__15879$fn__15881.invoke(process.clj:146)
	at maelstrom.process$stdout_thread$fn__15878$fn__15879.invoke(process.clj:146)
	at maelstrom.process$stdout_thread$fn__15878.invoke(process.clj:140)
	at clojure.core$binding_conveyor_fn$fn__5823.invoke(core.clj:2047)
	at clojure.lang.AFn.call(AFn.java:18)
	at java.base/java.util.concurrent.FutureTask.run(FutureTask.java:264)
	at java.base/java.util.concurrent.ThreadPoolExecutor.runWorker(ThreadPoolExecutor.java:1136)
	at java.base/java.util.concurrent.ThreadPoolExecutor$Worker.run(ThreadPoolExecutor.java:635)
	at java.base/java.lang.Thread.run(Thread.java:833)
2023-04-15 19:04:24,081{GMT}	INFO	[jepsen node n1] maelstrom.db: Tearing down n1
2023-04-15 19:04:26,081{GMT}	INFO	[jepsen node n1] maelstrom.net: Shutting down Maelstrom network
2023-04-15 19:04:26,093{GMT}	WARN	[jepsen test runner] jepsen.core: Test crashed!
clojure.lang.ExceptionInfo: Expected node n1 to respond to an init message, but node did not respond.
	at slingshot.support$stack_trace.invoke(support.clj:201)
	at maelstrom.db$db$reify__16142.setup_BANG_(db.clj:63)
	at jepsen.db$fn__8729$G__8723__8733.invoke(db.clj:12)
	at jepsen.db$fn__8729$G__8722__8738.invoke(db.clj:12)
	at clojure.core$partial$fn__5908.invoke(core.clj:2642)
	at jepsen.control$on_nodes$fn__8599.invoke(control.clj:314)
	at clojure.lang.AFn.applyToHelper(AFn.java:154)
	at clojure.lang.AFn.applyTo(AFn.java:144)
	at clojure.core$apply.invokeStatic(core.clj:667)
	at clojure.core$with_bindings_STAR_.invokeStatic(core.clj:1990)
	at clojure.core$with_bindings_STAR_.doInvoke(core.clj:1990)
	at clojure.lang.RestFn.applyTo(RestFn.java:142)
	at clojure.core$apply.invokeStatic(core.clj:671)
	at clojure.core$bound_fn_STAR_$fn__5818.doInvoke(core.clj:2020)
	at clojure.lang.RestFn.invoke(RestFn.java:408)
	at dom_top.core$real_pmap_helper$build_thread__211$fn__212.invoke(core.clj:163)
	at clojure.lang.AFn.applyToHelper(AFn.java:152)
	at clojure.lang.AFn.applyTo(AFn.java:144)
	at clojure.core$apply.invokeStatic(core.clj:667)
	at clojure.core$with_bindings_STAR_.invokeStatic(core.clj:1990)
	at clojure.core$with_bindings_STAR_.doInvoke(core.clj:1990)
	at clojure.lang.RestFn.invoke(RestFn.java:425)
	at clojure.lang.AFn.applyToHelper(AFn.java:156)
	at clojure.lang.RestFn.applyTo(RestFn.java:132)
	at clojure.core$apply.invokeStatic(core.clj:671)
	at clojure.core$bound_fn_STAR_$fn__5818.doInvoke(core.clj:2020)
	at clojure.lang.RestFn.invoke(RestFn.java:397)
	at clojure.lang.AFn.run(AFn.java:22)
	at java.base/java.lang.Thread.run(Thread.java:833)
Caused by: clojure.lang.ExceptionInfo: Client read timeout
	at slingshot.support$stack_trace.invoke(support.clj:201)
	at maelstrom.client$recv_BANG_.invokeStatic(client.clj:98)
	at maelstrom.client$recv_BANG_.invoke(client.clj:81)
	at maelstrom.client$send_PLUS_recv_BANG_.invokeStatic(client.clj:123)
	at maelstrom.client$send_PLUS_recv_BANG_.invoke(client.clj:119)
	at maelstrom.client$rpc_BANG_.invokeStatic(client.clj:149)
	at maelstrom.client$rpc_BANG_.invoke(client.clj:140)
	at maelstrom.db$db$reify__16142.setup_BANG_(db.clj:48)
	... 27 common frames omitted
